Determining if the pthread_create exist failed with the following output:
Change Dir: /home/tg/Github/CFR/2019/build/CMakeFiles/CMakeTmp

Run Build Command:"/usr/bin/make" "cmTC_47439/fast"
/usr/bin/make -f CMakeFiles/cmTC_47439.dir/build.make CMakeFiles/cmTC_47439.dir/build
make[1] : on entre dans le répertoire « /home/tg/Github/CFR/2019/build/CMakeFiles/CMakeTmp »
Building C object CMakeFiles/cmTC_47439.dir/CheckSymbolExists.c.o
/usr/bin/cc    -o CMakeFiles/cmTC_47439.dir/CheckSymbolExists.c.o   -c /home/tg/Github/CFR/2019/build/CMakeFiles/CMakeTmp/CheckSymbolExists.c
Linking C executable cmTC_47439
/usr/bin/cmake -E cmake_link_script CMakeFiles/cmTC_47439.dir/link.txt --verbose=1
/usr/bin/cc      -rdynamic CMakeFiles/cmTC_47439.dir/CheckSymbolExists.c.o  -o cmTC_47439 
CMakeFiles/cmTC_47439.dir/CheckSymbolExists.c.o : Dans la fonction « main » :
CheckSymbolExists.c:(.text+0x1b) : référence indéfinie vers « pthread_create »
collect2: error: ld returned 1 exit status
CMakeFiles/cmTC_47439.dir/build.make:97: recipe for target 'cmTC_47439' failed
make[1]: *** [cmTC_47439] Error 1
make[1] : on quitte le répertoire « /home/tg/Github/CFR/2019/build/CMakeFiles/CMakeTmp »
Makefile:126: recipe for target 'cmTC_47439/fast' failed
make: *** [cmTC_47439/fast] Error 2

File /home/tg/Github/CFR/2019/build/CMakeFiles/CMakeTmp/CheckSymbolExists.c:
/* */
#include <pthread.h>

int main(int argc, char** argv)
{
  (void)argv;
#ifndef pthread_create
  return ((int*)(&pthread_create))[argc];
#else
  (void)argc;
  return 0;
#endif
}

Determining if the function pthread_create exists in the pthreads failed with the following output:
Change Dir: /home/tg/Github/CFR/2019/build/CMakeFiles/CMakeTmp

Run Build Command:"/usr/bin/make" "cmTC_57875/fast"
/usr/bin/make -f CMakeFiles/cmTC_57875.dir/build.make CMakeFiles/cmTC_57875.dir/build
make[1] : on entre dans le répertoire « /home/tg/Github/CFR/2019/build/CMakeFiles/CMakeTmp »
Building C object CMakeFiles/cmTC_57875.dir/CheckFunctionExists.c.o
/usr/bin/cc   -DCHECK_FUNCTION_EXISTS=pthread_create   -o CMakeFiles/cmTC_57875.dir/CheckFunctionExists.c.o   -c /usr/share/cmake-3.10/Modules/CheckFunctionExists.c
Linking C executable cmTC_57875
/usr/bin/cmake -E cmake_link_script CMakeFiles/cmTC_57875.dir/link.txt --verbose=1
/usr/bin/cc  -DCHECK_FUNCTION_EXISTS=pthread_create    -rdynamic CMakeFiles/cmTC_57875.dir/CheckFunctionExists.c.o  -o cmTC_57875 -lpthreads 
/usr/bin/ld : ne peut trouver -lpthreads
collect2: error: ld returned 1 exit status
CMakeFiles/cmTC_57875.dir/build.make:97: recipe for target 'cmTC_57875' failed
make[1]: *** [cmTC_57875] Error 1
make[1] : on quitte le répertoire « /home/tg/Github/CFR/2019/build/CMakeFiles/CMakeTmp »
Makefile:126: recipe for target 'cmTC_57875/fast' failed
make: *** [cmTC_57875/fast] Error 2


